<?xml version="1.0" encoding="UTF-8"?>
<!-- Generated by org.testng.reporters.JUnitReportReporter -->
<testsuite skipped="0" hostname="LAPTOP-UHFNO702" name="test.LoginTest" tests="1" failures="0" timestamp="21 Oct 2020 00:26:43 GMT" time="6.101" errors="0">
  <testcase name="validUserShouldBeAbleToLogin" time="6.101" classname="test.LoginTest"/>
</testsuite> <!-- test.LoginTest -->
