<?xml version="1.0" encoding="UTF-8"?>
<!-- Generated by org.testng.reporters.JUnitReportReporter -->
<testsuite skipped="0" hostname="LAPTOP-UHFNO702" name="test.CustomerTest" tests="1" failures="0" timestamp="21 Oct 2020 00:25:46 GMT" time="13.217" errors="0">
  <testcase name="validCustomerShouldBeAbleToAddHisContact" time="13.217" classname="test.CustomerTest"/>
</testsuite> <!-- test.CustomerTest -->
